make: `tp' is up to date.
[*] File /data/projects/COMP90024/bigTwitter.json (in bytes):  20761096558

[*] Language Freq Results
1. English (en), 3,107,116
2. undefined (und), 252,117
3. Thai (th), 134,571
4. Portuguese (pt), 125,858
5. Spanish (es), 74,028
6. Japanese (ja), 49,929
7. Tagalog (tl), 44,560
8. Indonesian (in), 42,296
9. French (fr), 38,098
10. Arabic (ar), 24,501

[*] Hashtag Freq Results
1. #auspol, 19,858
2. #coronavirus, 10,103
3. #firefightaustralia, 6,812
4. #oldme, 6,418
5. #sydney, 6,237
6. #scottyfrommarketing, 5,158
7. #grammys, 5,085
8. #assange, 4,689
9. #sportsrorts, 4,483
10. #iheartawards, 4,293

[*] Time cost (built-in)
	11.5683 seconds
	Command being timed: "mpirun --bind-to none ./tp /data/projects/COMP90024/bigTwitter.json lang.csv"
	User time (seconds): 71.96
	System time (seconds): 10.89
	Percent of CPU this job got: 696%
	Elapsed (wall clock) time (h:mm:ss or m:ss): 0:11.89
	Average shared text size (kbytes): 0
	Average unshared data size (kbytes): 0
	Average stack size (kbytes): 0
	Average total size (kbytes): 0
	Maximum resident set size (kbytes): 51832
	Average resident set size (kbytes): 0
	Major (requiring I/O) page faults: 84
	Minor (reclaiming a frame) page faults: 25834
	Voluntary context switches: 1362
	Involuntary context switches: 393
	Swaps: 0
	File system inputs: 24240
	File system outputs: 16424
	Socket messages sent: 0
	Socket messages received: 0
	Signals delivered: 0
	Page size (bytes): 4096
	Exit status: 0
