mpiCC -fopenmp -O3 -std=c++11 -o tp combine.o threading.o line.o main.cpp
[*] File /data/projects/COMP90024/bigTwitter.json (in bytes):  20761096558

[*] Language Freq Results
English (en), 3,107,116
undefined (und), 252,117
Thai (th), 134,571
Portuguese (pt), 125,858
Spanish (es), 74,028
Japanese (ja), 49,929
Tagalog (tl), 44,560
Indonesian (in), 42,296
French (fr), 38,098
Arabic (ar), 24,501

[*] Hashtag Freq Results
#auspol, 14,961
#coronavirus, 6,804
#firefightaustralia, 6,553
#oldme, 6,385
#grammys, 5,069
#assange, 4,555
#sydney, 3,645
#scottyfrommarketing, 3,581
#mafs, 3,370
#breaking, 3,273

[*] Time cost (built-in)
	11.719 seconds
[*] Time results (/usr/bin/time)
	cmd	mpirun --bind-to none ./tp /data/projects/COMP90024/bigTwitter.json lang.csv
	real	13.86s
	user	34.45s	
	sys	5.52s
	memory	100472KB	(peak)
	cpu	288%

	average total (data+stack+text) memory	0KB
	swapped out times	0
	page faults
		90	(major, or I/O-requiring)
		14951	(minor, or recoverable)
	fs output	16432
	shared text	0KB
	sys page size	4096KB
	sockets num
		0	(received)
		0	(sent)
